\BOOKMARK [1][-]{section*.3}{Acknowledgments}{}% 1
\BOOKMARK [1][-]{section*.4}{Dedication}{}% 2
\BOOKMARK [1][-]{table.1}{Contents}{}% 3
\BOOKMARK [1][-]{section*.5}{List of Figures}{}% 4
\BOOKMARK [1][-]{section.1}{Introduction}{}% 5
\BOOKMARK [2][-]{subsection.1.1}{Language of Inflationary Theory}{section.1}% 6
\BOOKMARK [2][-]{subsection.1.2}{History of Inflationary Theory}{section.1}% 7
\BOOKMARK [2][-]{subsection.1.3}{Horizon Problem}{section.1}% 8
\BOOKMARK [2][-]{subsection.1.4}{Flatness Problem}{section.1}% 9
\BOOKMARK [1][-]{section.2}{Mathematical Description of Inflationary Theory}{}% 10
\BOOKMARK [2][-]{subsection.2.1}{Inflationary Friedmann equation}{section.2}% 11
\BOOKMARK [2][-]{subsection.2.2}{Inflationary Field \046 Equation of State}{section.2}% 12
\BOOKMARK [2][-]{subsection.2.3}{Calculating Observable Parameters}{section.2}% 13
\BOOKMARK [2][-]{subsection.2.4}{Fine-tuning in an Inflationary Theory}{section.2}% 14
\BOOKMARK [2][-]{subsection.2.5}{Slow Roll Approximation}{section.2}% 15
\BOOKMARK [1][-]{section.3}{Methodology}{}% 16
\BOOKMARK [2][-]{subsection.3.1}{Description of Code Equations}{section.3}% 17
\BOOKMARK [2][-]{subsection.3.2}{Discussion of Initial Conditions and Convergence}{section.3}% 18
\BOOKMARK [1][-]{section.4}{Current Status of Models and Observation}{}% 19
\BOOKMARK [2][-]{subsection.4.1}{Current Observations}{section.4}% 20
\BOOKMARK [2][-]{subsection.4.2}{Small Field Models}{section.4}% 21
\BOOKMARK [3][-]{subsubsection.4.2.1}{Polynomial Hilltop Models}{subsection.4.2}% 22
\BOOKMARK [3][-]{subsubsection.4.2.2}{Natural Inflation Model}{subsection.4.2}% 23
\BOOKMARK [2][-]{subsection.4.3}{Large Field Models}{section.4}% 24
\BOOKMARK [3][-]{subsubsection.4.3.1}{Monomial Models}{subsection.4.3}% 25
\BOOKMARK [3][-]{subsubsection.4.3.2}{Exponential Model}{subsection.4.3}% 26
\BOOKMARK [3][-]{subsubsection.4.3.3}{D-brane Models}{subsection.4.3}% 27
\BOOKMARK [3][-]{subsubsection.4.3.4}{Logarithmic \(SUSY\) Models}{subsection.4.3}% 28
\BOOKMARK [3][-]{subsubsection.4.3.5}{Starobinsky and Shaposhnikov's Models}{subsection.4.3}% 29
\BOOKMARK [1][-]{section.5}{Current Methods of Quantifying Fine Tuning}{}% 30
\BOOKMARK [2][-]{subsection.5.1}{Quantifying Fine Tuning in Polynomial Potentials}{section.5}% 31
\BOOKMARK [1][-]{section.6}{Quantifying Fine-tuning in Large Field Potentials}{}% 32
\BOOKMARK [2][-]{subsection.6.1}{Tanh Case Study}{section.6}% 33
\BOOKMARK [2][-]{subsection.6.2}{ns-r Drift for Plateau Models}{section.6}% 34
\BOOKMARK [2][-]{subsection.6.3}{Results for varying perturbing model}{section.6}% 35
\BOOKMARK [2][-]{subsection.6.4}{Results for Hilltop Models}{section.6}% 36
\BOOKMARK [1][-]{section.7}{Multiverse Problem}{}% 37
\BOOKMARK [2][-]{subsection.7.1}{Analysis of Mukhanov's model}{section.7}% 38
\BOOKMARK [2][-]{subsection.7.2}{Analysis of other similar models}{section.7}% 39
\BOOKMARK [1][-]{section.8}{Conclusions}{}% 40
